#
# A fatal error has been detected by the Java Runtime Environment:
#
#  SIGSEGV (0xb) at pc=0x00007ff521b4e070, pid=18247, tid=0x00007ff56b2f2700
#
# JRE version: Java(TM) SE Runtime Environment (8.0_151-b12) (build 1.8.0_151-b12)
# Java VM: Java HotSpot(TM) 64-Bit Server VM (25.151-b12 mixed mode linux-amd64 compressed oops)
# Problematic frame:
# C  0x00007ff521b4e070
#
# Core dump written. Default location: /home/hxmc/Lightbend/akka-java-cluster-persistence-query/core or core.18247
#
# If you would like to submit a bug report, please visit:
#   http://bugreport.java.com/bugreport/crash.jsp
# The crash happened outside the Java Virtual Machine in native code.
# See problematic frame for where to report the bug.
#

---------------  T H R E A D  ---------------

Current thread (0x00007ff5a008d800):  JavaThread "Finalizer" daemon [_thread_in_native, id=18280, stack(0x00007ff56b1f2000,0x00007ff56b2f3000)]

siginfo: si_signo: 11 (SIGSEGV), si_code: 1 (SEGV_MAPERR), si_addr: 0x00007ff521b4e070

Registers:
RAX=0x00007ff521b4e070, RBX=0x00007ff5229a53f0, RCX=0x0000000000000010, RDX=0x00007ff5408fbde0
RSP=0x00007ff56b2f15d8, RBP=0x00007ff56b2f1630, RSI=0x00007ff56b2f1640, RDI=0x00007ff5a008d9f8
R8 =0x0000000020005c32, R9 =0x00007ff5a62b5000, R10=0x00007ff591017a08, R11=0x00007ff5a85fb3a0
R12=0x0000000000000000, R13=0x00007ff5229a53f0, R14=0x00007ff56b2f1658, R15=0x00007ff5a008d800
RIP=0x00007ff521b4e070, EFLAGS=0x0000000000010283, CSGSFS=0x002b000000000033, ERR=0x0000000000000014
  TRAPNO=0x000000000000000e

Top of Stack: (sp=0x00007ff56b2f15d8)
0x00007ff56b2f15d8:   00007ff591017a34 00007ff5a491e588
0x00007ff56b2f15e8:   00007ff5a008d800 00007ff56b2f15f0
0x00007ff56b2f15f8:   0000000000000000 00007ff56b2f1658
0x00007ff56b2f1608:   00007ff5229acbc0 0000000000000000
0x00007ff56b2f1618:   00007ff5229a53f0 0000000000000000
0x00007ff56b2f1628:   00007ff56b2f1650 00007ff56b2f16a0
0x00007ff56b2f1638:   00007ff5910082bd 00000000e0e7ba70
0x00007ff56b2f1648:   00007ff591011538 00007ff5408fbde0
0x00007ff56b2f1658:   00000000000000b6 00007ff56b2f1660
0x00007ff56b2f1668:   00007ff52139f8b9 00007ff56b2f16c0
0x00007ff56b2f1678:   00007ff5213af060 0000000000000000
0x00007ff56b2f1688:   00007ff52139f8e0 00007ff56b2f1650
0x00007ff56b2f1698:   00007ff56b2f16b0 00007ff56b2f1708
0x00007ff56b2f16a8:   00007ff5910082bd 00007ff5408fbde0
0x00007ff56b2f16b8:   00007ff5a491ecb9 00000000e0dadca0
0x00007ff56b2f16c8:   00007ff56b2f16c8 00007ff5213c0a90
0x00007ff56b2f16d8:   00007ff56b2f1728 00007ff5213c0bc0
0x00007ff56b2f16e8:   0000000000000000 00007ff5213c0b18
0x00007ff56b2f16f8:   00007ff56b2f16b0 00007ff56b2f1730
0x00007ff56b2f1708:   0000000000000000 00007ff591ba1f28
0x00007ff56b2f1718:   0000000000000000 0000000000000000
0x00007ff56b2f1728:   00000000e0dadc88 00007ff56b2f1808
0x00007ff56b2f1738:   00000000e000d818 00000000e0da0190
0x00007ff56b2f1748:   00007ff5a82bd5ab 00000000e00099d8
0x00007ff56b2f1758:   00000000e00099d8 0000000000000009
0x00007ff56b2f1768:   0000000000000001 0000000000000003
0x00007ff56b2f1778:   0000000000000000 00007ff56b2f17e8
0x00007ff56b2f1788:   00007ff5910082bd 00007ff5910082bd
0x00007ff56b2f1798:   00000000e000d818 00000000e0da0190
0x00007ff56b2f17a8:   00007ff56b2f17a8 00007ff5a48a4035
0x00007ff56b2f17b8:   00007ff56b2f1808 00007ff5a48a40d8
0x00007ff56b2f17c8:   0000000000000000 00007ff5a48a4068 

Instructions: (pc=0x00007ff521b4e070)
0x00007ff521b4e050:   
[error occurred during error reporting (printing registers, top of stack, instructions near pc), id 0xb]

Register to memory mapping:

RAX=0x00007ff521b4e070 is an unknown value
RBX={method} {0x00007ff5229a53f0} 'freeMemory' '(J)V' in 'com/kenai/jffi/Foreign'
RCX=0x0000000000000010 is an unknown value
RDX=0x00007ff5408fbde0 is an unknown value
RSP=0x00007ff56b2f15d8 is pointing into the stack for thread: 0x00007ff5a008d800
RBP=0x00007ff56b2f1630 is pointing into the stack for thread: 0x00007ff5a008d800
RSI=0x00007ff56b2f1640 is pointing into the stack for thread: 0x00007ff5a008d800
RDI=0x00007ff5a008d9f8 is an unknown value
R8 =0x0000000020005c32 is an unknown value
R9 =0x00007ff5a62b5000 is an unknown value
R10=0x00007ff591017a08 is at code_begin+808 in an Interpreter codelet
method entry point (kind = native)  [0x00007ff5910176e0, 0x00007ff591017fe0]  2304 bytes
R11=0x00007ff5a85fb3a0: <offset 0x9c83a0> in /opt/jdk1.8.0_151/jre/lib/amd64/server/libjvm.so at 0x00007ff5a7c33000
R12=0x0000000000000000 is an unknown value
R13={method} {0x00007ff5229a53f0} 'freeMemory' '(J)V' in 'com/kenai/jffi/Foreign'
R14=0x00007ff56b2f1658 is pointing into the stack for thread: 0x00007ff5a008d800
R15=0x00007ff5a008d800 is a thread


Stack: [0x00007ff56b1f2000,0x00007ff56b2f3000],  sp=0x00007ff56b2f15d8,  free space=1021k
Native frames: (J=compiled Java code, j=interpreted, Vv=VM code, C=native code)
C  0x00007ff521b4e070
j  com.kenai.jffi.MemoryIO.freeMemory(J)V+1
j  com.kenai.jffi.NativeMethods$ResourceHolder.finalize()V+8
J 3577 C2 java.lang.ref.Finalizer.access$100(Ljava/lang/ref/Finalizer;Lsun/misc/JavaLangAccess;)V (6 bytes) @ 0x00007ff591ba1f28 [0x00007ff591ba1d60+0x1c8]
j  java.lang.ref.Finalizer$FinalizerThread.run()V+45
v  ~StubRoutines::call_stub
V  [libjvm.so+0x693e76]  JavaCalls::call_helper(JavaValue*, methodHandle*, JavaCallArguments*, Thread*)+0x1056
V  [libjvm.so+0x694381]  JavaCalls::call_virtual(JavaValue*, KlassHandle, Symbol*, Symbol*, JavaCallArguments*, Thread*)+0x321
V  [libjvm.so+0x694827]  JavaCalls::call_virtual(JavaValue*, Handle, KlassHandle, Symbol*, Symbol*, Thread*)+0x47
V  [libjvm.so+0x72fbb0]  thread_entry(JavaThread*, Thread*)+0xa0
V  [libjvm.so+0xa79b53]  JavaThread::thread_main_inner()+0x103
V  [libjvm.so+0xa79c9c]  JavaThread::run()+0x11c
V  [libjvm.so+0x92a728]  java_start(Thread*)+0x108
C  [libpthread.so.0+0x708c]  start_thread+0xdc

Java frames: (J=compiled Java code, j=interpreted, Vv=VM code)
j  com.kenai.jffi.Foreign.freeMemory(J)V+0
j  com.kenai.jffi.MemoryIO.freeMemory(J)V+1
j  com.kenai.jffi.NativeMethods$ResourceHolder.finalize()V+8
J 3577 C2 java.lang.ref.Finalizer.access$100(Ljava/lang/ref/Finalizer;Lsun/misc/JavaLangAccess;)V (6 bytes) @ 0x00007ff591ba1f28 [0x00007ff591ba1d60+0x1c8]
j  java.lang.ref.Finalizer$FinalizerThread.run()V+45
v  ~StubRoutines::call_stub

---------------  P R O C E S S  ---------------

Java Threads: ( => current thread )
  0x00007ff5a00d4000 JavaThread "Service Thread" daemon [_thread_blocked, id=18286, stack(0x00007ff56aa51000,0x00007ff56ab52000)]
  0x00007ff5a00c9000 JavaThread "C1 CompilerThread3" daemon [_thread_blocked, id=18285, stack(0x00007ff56ab53000,0x00007ff56ac53000)]
  0x00007ff5a00c7000 JavaThread "C2 CompilerThread2" daemon [_thread_blocked, id=18284, stack(0x00007ff56ac54000,0x00007ff56ad54000)]
  0x00007ff5a00c5000 JavaThread "C2 CompilerThread1" daemon [_thread_blocked, id=18283, stack(0x00007ff56ad55000,0x00007ff56ae55000)]
  0x00007ff5a00c2000 JavaThread "C2 CompilerThread0" daemon [_thread_blocked, id=18282, stack(0x00007ff56ae56000,0x00007ff56af56000)]
  0x00007ff5a00c1000 JavaThread "Signal Dispatcher" daemon [_thread_blocked, id=18281, stack(0x00007ff56af56000,0x00007ff56b057000)]
=>0x00007ff5a008d800 JavaThread "Finalizer" daemon [_thread_in_native, id=18280, stack(0x00007ff56b1f2000,0x00007ff56b2f3000)]
  0x00007ff5a0089000 JavaThread "Reference Handler" daemon [_thread_blocked, id=18279, stack(0x00007ff56b2f3000,0x00007ff56b3f4000)]
  0x00007ff5a0009800 JavaThread "main" [_thread_in_vm, id=18268, stack(0x00007ff5a9711000,0x00007ff5a9811000)]

Other Threads:
  0x00007ff5a0081800 VMThread [stack: 0x00007ff56b3f5000,0x00007ff56b4f5000] [id=18278]
  0x00007ff5a00d7000 WatcherThread [stack: 0x00007ff56a951000,0x00007ff56aa51000] [id=18287]

VM state:not at safepoint (normal execution)

VM Mutex/Monitor currently owned by a thread:  ([mutex/lock_event])
[0x00007ff5a0006ed0] Threads_lock - owner thread: 0x00007ff5a0009800

Heap:
 PSYoungGen      total 116224K, used 2258K [0x00000000f5580000, 0x00000000fe880000, 0x0000000100000000)
  eden space 114688K, 1% used [0x00000000f5580000,0x00000000f57b4b28,0x00000000fc580000)
  from space 1536K, 0% used [0x00000000fc580000,0x00000000fc580000,0x00000000fc700000)
  to   space 17920K, 0% used [0x00000000fd700000,0x00000000fd700000,0x00000000fe880000)
 ParOldGen       total 285184K, used 16075K [0x00000000e0000000, 0x00000000f1680000, 0x00000000f5580000)
  object space 285184K, 5% used [0x00000000e0000000,0x00000000e0fb2f60,0x00000000f1680000)
 Metaspace       used 56749K, capacity 60172K, committed 60288K, reserved 1101824K
  class space    used 7656K, capacity 7985K, committed 8064K, reserved 1048576K

Card table byte_map: [0x00007ff5a69b5000,0x00007ff5a6ab6000] byte_map_base: 0x00007ff5a62b5000

Marking Bits: (ParMarkBitMap*) 0x00007ff5a8bfcf80
 Begin Bits: [0x00007ff5a50ac000, 0x00007ff5a58ac000)
 End Bits:   [0x00007ff5a58ac000, 0x00007ff5a60ac000)

Polling page: 0x00007ff5a983c000

CodeCache: size=245760Kb used=18021Kb max_used=19814Kb free=227738Kb
 bounds [0x00007ff591000000, 0x00007ff592380000, 0x00007ff5a0000000]
 total_blobs=6965 nmethods=6335 adapters=541
 compilation: enabled

Compilation events (10 events):
Event: 30.537 Thread 0x00007ff5a00c7000 nmethod 7760 0x00007ff591da4450 code [0x00007ff591da46a0, 0x00007ff591da53d0]
Event: 31.493 Thread 0x00007ff5a00c9000 7764       3       org.eclipse.sisu.plexus.RealmFilteredBeans::iterator (40 bytes)
Event: 31.495 Thread 0x00007ff5a00c9000 nmethod 7764 0x00007ff59166a1d0 code [0x00007ff59166a3e0, 0x00007ff59166ae38]
Event: 31.495 Thread 0x00007ff5a00c9000 7768  s    3       org.fusesource.jansi.AnsiOutputStream::write (871 bytes)
Event: 31.495 Thread 0x00007ff5a00c2000 7769       4       java.nio.CharBuffer::arrayOffset (35 bytes)
Event: 31.495 Thread 0x00007ff5a00c5000 7770       4       java.util.ArrayList::clear (39 bytes)
Event: 31.496 Thread 0x00007ff5a00c2000 nmethod 7769 0x00007ff591422d50 code [0x00007ff591422ea0, 0x00007ff591422f38]
Event: 31.496 Thread 0x00007ff5a00c7000 7771       4       java.lang.String::<init> (10 bytes)
Event: 31.673 Thread 0x00007ff5a00c7000 nmethod 7771 0x00007ff592063790 code [0x00007ff5920638e0, 0x00007ff592063958]
Event: 31.674 Thread 0x00007ff5a00c5000 nmethod 7770 0x00007ff591f0c010 code [0x00007ff591f0c160, 0x00007ff591f0c218]

GC Heap History (10 events):
Event: 21.027 GC heap before
{Heap before GC invocations=13 (full 3):
 PSYoungGen      total 112128K, used 96096K [0x00000000f5580000, 0x00000000fdf80000, 0x0000000100000000)
  eden space 95744K, 100% used [0x00000000f5580000,0x00000000fb300000,0x00000000fb300000)
  from space 16384K, 2% used [0x00000000fb300000,0x00000000fb358000,0x00000000fc300000)
  to   space 17408K, 0% used [0x00000000fce80000,0x00000000fce80000,0x00000000fdf80000)
 ParOldGen       total 285184K, used 19001K [0x00000000e0000000, 0x00000000f1680000, 0x00000000f5580000)
  object space 285184K, 6% used [0x00000000e0000000,0x00000000e128e5e8,0x00000000f1680000)
 Metaspace       used 55908K, capacity 59042K, committed 59264K, reserved 1101824K
  class space    used 7485K, capacity 7794K, committed 7808K, reserved 1048576K
Event: 21.038 GC heap after
Heap after GC invocations=13 (full 3):
 PSYoungGen      total 122880K, used 512K [0x00000000f5580000, 0x00000000fdf80000, 0x0000000100000000)
  eden space 105472K, 0% used [0x00000000f5580000,0x00000000f5580000,0x00000000fbc80000)
  from space 17408K, 2% used [0x00000000fce80000,0x00000000fcf00000,0x00000000fdf80000)
  to   space 17920K, 0% used [0x00000000fbc80000,0x00000000fbc80000,0x00000000fce00000)
 ParOldGen       total 285184K, used 19009K [0x00000000e0000000, 0x00000000f1680000, 0x00000000f5580000)
  object space 285184K, 6% used [0x00000000e0000000,0x00000000e12905e8,0x00000000f1680000)
 Metaspace       used 55908K, capacity 59042K, committed 59264K, reserved 1101824K
  class space    used 7485K, capacity 7794K, committed 7808K, reserved 1048576K
}
Event: 24.474 GC heap before
{Heap before GC invocations=14 (full 3):
 PSYoungGen      total 122880K, used 105984K [0x00000000f5580000, 0x00000000fdf80000, 0x0000000100000000)
  eden space 105472K, 100% used [0x00000000f5580000,0x00000000fbc80000,0x00000000fbc80000)
  from space 17408K, 2% used [0x00000000fce80000,0x00000000fcf00000,0x00000000fdf80000)
  to   space 17920K, 0% used [0x00000000fbc80000,0x00000000fbc80000,0x00000000fce00000)
 ParOldGen       total 285184K, used 19009K [0x00000000e0000000, 0x00000000f1680000, 0x00000000f5580000)
  object space 285184K, 6% used [0x00000000e0000000,0x00000000e12905e8,0x00000000f1680000)
 Metaspace       used 55936K, capacity 59042K, committed 59264K, reserved 1101824K
  class space    used 7485K, capacity 7794K, committed 7808K, reserved 1048576K
Event: 24.483 GC heap after
Heap after GC invocations=14 (full 3):
 PSYoungGen      total 123392K, used 480K [0x00000000f5580000, 0x00000000fea80000, 0x0000000100000000)
  eden space 105472K, 0% used [0x00000000f5580000,0x00000000f5580000,0x00000000fbc80000)
  from space 17920K, 2% used [0x00000000fbc80000,0x00000000fbcf8000,0x00000000fce00000)
  to   space 18432K, 0% used [0x00000000fd880000,0x00000000fd880000,0x00000000fea80000)
 ParOldGen       total 285184K, used 19009K [0x00000000e0000000, 0x00000000f1680000, 0x00000000f5580000)
  object space 285184K, 6% used [0x00000000e0000000,0x00000000e12905e8,0x00000000f1680000)
 Metaspace       used 55936K, capacity 59042K, committed 59264K, reserved 1101824K
  class space    used 7485K, capacity 7794K, committed 7808K, reserved 1048576K
}
Event: 27.712 GC heap before
{Heap before GC invocations=15 (full 3):
 PSYoungGen      total 123392K, used 105952K [0x00000000f5580000, 0x00000000fea80000, 0x0000000100000000)
  eden space 105472K, 100% used [0x00000000f5580000,0x00000000fbc80000,0x00000000fbc80000)
  from space 17920K, 2% used [0x00000000fbc80000,0x00000000fbcf8000,0x00000000fce00000)
  to   space 18432K, 0% used [0x00000000fd880000,0x00000000fd880000,0x00000000fea80000)
 ParOldGen       total 285184K, used 19009K [0x00000000e0000000, 0x00000000f1680000, 0x00000000f5580000)
  object space 285184K, 6% used [0x00000000e0000000,0x00000000e12905e8,0x00000000f1680000)
 Metaspace       used 56007K, capacity 59132K, committed 59264K, reserved 1101824K
  class space    used 7491K, capacity 7799K, committed 7808K, reserved 1048576K
Event: 27.720 GC heap after
Heap after GC invocations=15 (full 3):
 PSYoungGen      total 132096K, used 544K [0x00000000f5580000, 0x00000000fe980000, 0x0000000100000000)
  eden space 114688K, 0% used [0x00000000f5580000,0x00000000f5580000,0x00000000fc580000)
  from space 17408K, 3% used [0x00000000fd880000,0x00000000fd908000,0x00000000fe980000)
  to   space 18432K, 0% used [0x00000000fc580000,0x00000000fc580000,0x00000000fd780000)
 ParOldGen       total 285184K, used 19017K [0x00000000e0000000, 0x00000000f1680000, 0x00000000f5580000)
  object space 285184K, 6% used [0x00000000e0000000,0x00000000e12925e8,0x00000000f1680000)
 Metaspace       used 56007K, capacity 59132K, committed 59264K, reserved 1101824K
  class space    used 7491K, capacity 7799K, committed 7808K, reserved 1048576K
}
Event: 31.498 GC heap before
{Heap before GC invocations=16 (full 3):
 PSYoungGen      total 132096K, used 29297K [0x00000000f5580000, 0x00000000fe980000, 0x0000000100000000)
  eden space 114688K, 25% used [0x00000000f5580000,0x00000000f71947e0,0x00000000fc580000)
  from space 17408K, 3% used [0x00000000fd880000,0x00000000fd908000,0x00000000fe980000)
  to   space 18432K, 0% used [0x00000000fc580000,0x00000000fc580000,0x00000000fd780000)
 ParOldGen       total 285184K, used 19017K [0x00000000e0000000, 0x00000000f1680000, 0x00000000f5580000)
  object space 285184K, 6% used [0x00000000e0000000,0x00000000e12925e8,0x00000000f1680000)
 Metaspace       used 56755K, capacity 60176K, committed 60288K, reserved 1101824K
  class space    used 7658K, capacity 7959K, committed 8064K, reserved 1048576K
Event: 31.504 GC heap after
Heap after GC invocations=16 (full 3):
 PSYoungGen      total 116224K, used 1088K [0x00000000f5580000, 0x00000000fe880000, 0x0000000100000000)
  eden space 114688K, 0% used [0x00000000f5580000,0x00000000f5580000,0x00000000fc580000)
  from space 1536K, 70% used [0x00000000fc580000,0x00000000fc690000,0x00000000fc700000)
  to   space 17920K, 0% used [0x00000000fd700000,0x00000000fd700000,0x00000000fe880000)
 ParOldGen       total 285184K, used 19025K [0x00000000e0000000, 0x00000000f1680000, 0x00000000f5580000)
  object space 285184K, 6% used [0x00000000e0000000,0x00000000e12945e8,0x00000000f1680000)
 Metaspace       used 56755K, capacity 60176K, committed 60288K, reserved 1101824K
  class space    used 7658K, capacity 7959K, committed 8064K, reserved 1048576K
}
Event: 31.504 GC heap before
{Heap before GC invocations=17 (full 4):
 PSYoungGen      total 116224K, used 1088K [0x00000000f5580000, 0x00000000fe880000, 0x0000000100000000)
  eden space 114688K, 0% used [0x00000000f5580000,0x00000000f5580000,0x00000000fc580000)
  from space 1536K, 70% used [0x00000000fc580000,0x00000000fc690000,0x00000000fc700000)
  to   space 17920K, 0% used [0x00000000fd700000,0x00000000fd700000,0x00000000fe880000)
 ParOldGen       total 285184K, used 19025K [0x00000000e0000000, 0x00000000f1680000, 0x00000000f5580000)
  object space 285184K, 6% used [0x00000000e0000000,0x00000000e12945e8,0x00000000f1680000)
 Metaspace       used 56755K, capacity 60176K, committed 60288K, reserved 1101824K
  class space    used 7658K, capacity 7959K, committed 8064K, reserved 1048576K
Event: 31.671 GC heap after
Heap after GC invocations=17 (full 4):
 PSYoungGen      total 116224K, used 0K [0x00000000f5580000, 0x00000000fe880000, 0x0000000100000000)
  eden space 114688K, 0% used [0x00000000f5580000,0x00000000f5580000,0x00000000fc580000)
  from space 1536K, 0% used [0x00000000fc580000,0x00000000fc580000,0x00000000fc700000)
  to   space 17920K, 0% used [0x00000000fd700000,0x00000000fd700000,0x00000000fe880000)
 ParOldGen       total 285184K, used 16075K [0x00000000e0000000, 0x00000000f1680000, 0x00000000f5580000)
  object space 285184K, 5% used [0x00000000e0000000,0x00000000e0fb2f60,0x00000000f1680000)
 Metaspace       used 56738K, capacity 60140K, committed 60288K, reserved 1101824K
  class space    used 7654K, capacity 7953K, committed 8064K, reserved 1048576K
}

Deoptimization events (10 events):
Event: 30.520 Thread 0x00007ff4d8417800 Uncommon trap: reason=unstable_if action=reinterpret pc=0x00007ff5918c6170 method=java.util.concurrent.locks.AbstractQueuedSynchronizer.acquire(I)V @ 20
Event: 31.318 Thread 0x00007ff4cc011800 Uncommon trap: reason=unstable_if action=reinterpret pc=0x00007ff5916e375c method=java.util.ArrayList.remove(Ljava/lang/Object;)Z @ 59
Event: 31.494 Thread 0x00007ff5a0009800 Uncommon trap: reason=class_check action=maybe_recompile pc=0x00007ff59205db34 method=java.util.Collections$SynchronizedMap.put(Ljava/lang/Object;Ljava/lang/Object;)Ljava/lang/Object; @ 13
Event: 31.494 Thread 0x00007ff5a0009800 Uncommon trap: reason=unstable_if action=reinterpret pc=0x00007ff59112efa4 method=org.fusesource.jansi.AnsiOutputStream.write(I)V @ 59
Event: 31.495 Thread 0x00007ff5a0009800 Uncommon trap: reason=unstable_if action=reinterpret pc=0x00007ff5922d6b34 method=java.util.concurrent.CopyOnWriteArrayList.isEmpty()Z @ 4
Event: 31.495 Thread 0x00007ff5a0009800 Uncommon trap: reason=unstable_if action=reinterpret pc=0x00007ff591f171f8 method=java.util.Formatter$FormatSpecifier.index(Ljava/lang/String;)I @ 1
Event: 31.496 Thread 0x00007ff5a0009800 Uncommon trap: reason=unstable_if action=reinterpret pc=0x00007ff59227c46c method=java.util.GregorianCalendar.computeFields(II)I @ 12
Event: 31.496 Thread 0x00007ff5a0009800 Uncommon trap: reason=predicate action=maybe_recompile pc=0x00007ff592189848 method=sun.util.calendar.ZoneInfo.getTransitionIndex(JI)I @ 19
Event: 31.496 Thread 0x00007ff5a0009800 Uncommon trap: reason=unstable_if action=reinterpret pc=0x00007ff5920c6d90 method=java.text.SimpleDateFormat.subFormat(IILjava/text/Format$FieldDelegate;Ljava/lang/StringBuffer;Z)V @ 111
Event: 31.496 Thread 0x00007ff5a0009800 Uncommon trap: reason=unstable_if action=reinterpret pc=0x00007ff591b2a6c8 method=java.util.Calendar.isFieldSet(II)Z @ 5

Internal exceptions (10 events):
Event: 28.214 Thread 0x00007ff53000f800 Exception <a 'java/lang/NoSuchMethodError': java.lang.Object.$anonfun$$minus$1$adapted(Ljava/lang/Object;Lscala/Tuple2;)Ljava/lang/Object;> (0x00000000f6872fb0) thrown at [/HUDSON/workspace/8-2-build-linux-amd64/jdk8u151/9699/hotspot/src/share/vm/interpre
Event: 28.215 Thread 0x00007ff53000f800 Exception <a 'java/lang/NoSuchMethodError': java.lang.Object.$anonfun$$minus$2(Lscala/collection/mutable/Builder;Lscala/Tuple2;)Lscala/collection/mutable/Builder;> (0x00000000f6877a40) thrown at [/HUDSON/workspace/8-2-build-linux-amd64/jdk8u151/9699/hotsp
Event: 28.222 Thread 0x00007ff5405be000 Exception <a 'java/lang/NoSuchMethodError': java.lang.Object.$anonfun$size$1$adapted(Lscala/runtime/IntRef;Ljava/lang/Object;)Ljava/lang/Object;> (0x00000000f63887f8) thrown at [/HUDSON/workspace/8-2-build-linux-amd64/jdk8u151/9699/hotspot/src/share/vm/in
Event: 28.247 Thread 0x00007ff4e4276000 Exception <a 'java/lang/NoSuchMethodError': java.lang.Object.$anonfun$asScalaIteratorConverter$1(Lscala/collection/convert/DecorateAsScala;Ljava/util/Iterator;)Lscala/collection/Iterator;> (0x00000000f68e30f8) thrown at [/HUDSON/workspace/8-2-build-linux-
Event: 28.247 Thread 0x00007ff4f8018800 Exception <a 'java/lang/NoSuchMethodError': java.lang.Object.$anonfun$asScalaIteratorConverter$1(Lscala/collection/convert/DecorateAsScala;Ljava/util/Iterator;)Lscala/collection/Iterator;> (0x00000000f69497a8) thrown at [/HUDSON/workspace/8-2-build-linux-
Event: 28.250 Thread 0x00007ff484003000 Exception <a 'java/lang/NoSuchMethodError': java.lang.Object.$anonfun$asScalaIteratorConverter$1(Lscala/collection/convert/DecorateAsScala;Ljava/util/Iterator;)Lscala/collection/Iterator;> (0x00000000f68a8788) thrown at [/HUDSON/workspace/8-2-build-linux-
Event: 30.517 Thread 0x00007ff4c0012800 Exception <a 'java/lang/InterruptedException': sleep interrupted> (0x00000000f70dbe80) thrown at [/HUDSON/workspace/8-2-build-linux-amd64/jdk8u151/9699/hotspot/src/share/vm/prims/jvm.cpp, line 3228]
Event: 30.521 Thread 0x00007ff4cc002800 Exception <a 'java/lang/InterruptedException': sleep interrupted> (0x00000000f713c450) thrown at [/HUDSON/workspace/8-2-build-linux-amd64/jdk8u151/9699/hotspot/src/share/vm/prims/jvm.cpp, line 3228]
Event: 31.492 Thread 0x00007ff4cc011800 Exception <a 'java/lang/InterruptedException': sleep interrupted> (0x00000000f717e740) thrown at [/HUDSON/workspace/8-2-build-linux-amd64/jdk8u151/9699/hotspot/src/share/vm/prims/jvm.cpp, line 3228]
Event: 31.496 Thread 0x00007ff5a0009800 Implicit null exception at 0x00007ff59227b780 to 0x00007ff59227c44d

Events (10 events):
Event: 31.496 Thread 0x00007ff5a0009800 DEOPT UNPACKING pc=0x00007ff591005229 sp=0x00007ff5a980e688 mode 2
Event: 31.496 Thread 0x00007ff5a0009800 Uncommon trap: trap_request=0xffffff65 fr.pc=0x00007ff591b2a6c8
Event: 31.496 Thread 0x00007ff5a0009800 DEOPT PACKING pc=0x00007ff591b2a6c8 sp=0x00007ff5a980e620
Event: 31.496 Thread 0x00007ff5a0009800 DEOPT UNPACKING pc=0x00007ff591005229 sp=0x00007ff5a980e4f8 mode 2
Event: 31.497 Executing VM operation: ParallelGCSystemGC
Event: 31.671 Executing VM operation: ParallelGCSystemGC done
Event: 31.673 loading class java/util/WeakHashMap$KeyIterator
Event: 31.673 loading class java/util/WeakHashMap$HashIterator
Event: 31.674 loading class java/util/WeakHashMap$HashIterator done
Event: 31.674 loading class java/util/WeakHashMap$KeyIterator done


Dynamic libraries:
00400000-00401000 r-xp 00000000 08:02 1715291                            /opt/jdk1.8.0_151/bin/java
00600000-00601000 rw-p 00000000 08:02 1715291                            /opt/jdk1.8.0_151/bin/java
01f03000-01f24000 rw-p 00000000 00:00 0                                  [heap]
e0000000-f1680000 rw-p 00000000 00:00 0 
f1680000-f5580000 ---p 00000000 00:00 0 
f5580000-fe880000 rw-p 00000000 00:00 0 
fe880000-100000000 ---p 00000000 00:00 0 
100000000-1007e0000 rw-p 00000000 00:00 0 
1007e0000-140000000 ---p 00000000 00:00 0 
7ff45c000000-7ff45c021000 rw-p 00000000 00:00 0 
7ff45c021000-7ff460000000 ---p 00000000 00:00 0 
7ff464000000-7ff464021000 rw-p 00000000 00:00 0 
7ff464021000-7ff468000000 ---p 00000000 00:00 0 
7ff468000000-7ff468021000 rw-p 00000000 00:00 0 
7ff468021000-7ff46c000000 ---p 00000000 00:00 0 
7ff46c000000-7ff46c021000 rw-p 00000000 00:00 0 
7ff46c021000-7ff470000000 ---p 00000000 00:00 0 
7ff470000000-7ff470021000 rw-p 00000000 00:00 0 
7ff470021000-7ff474000000 ---p 00000000 00:00 0 
7ff474000000-7ff474021000 rw-p 00000000 00:00 0 
7ff474021000-7ff478000000 ---p 00000000 00:00 0 
7ff478000000-7ff478021000 rw-p 00000000 00:00 0 
7ff478021000-7ff47c000000 ---p 00000000 00:00 0 
7ff47c000000-7ff47c021000 rw-p 00000000 00:00 0 
7ff47c021000-7ff480000000 ---p 00000000 00:00 0 
7ff480000000-7ff480021000 rw-p 00000000 00:00 0 
7ff480021000-7ff484000000 ---p 00000000 00:00 0 
7ff484000000-7ff484021000 rw-p 00000000 00:00 0 
7ff484021000-7ff488000000 ---p 00000000 00:00 0 
7ff488000000-7ff488021000 rw-p 00000000 00:00 0 
7ff488021000-7ff48c000000 ---p 00000000 00:00 0 
7ff48c000000-7ff48c021000 rw-p 00000000 00:00 0 
7ff48c021000-7ff490000000 ---p 00000000 00:00 0 
7ff490000000-7ff490021000 rw-p 00000000 00:00 0 
7ff490021000-7ff494000000 ---p 00000000 00:00 0 
7ff494000000-7ff494021000 rw-p 00000000 00:00 0 
7ff494021000-7ff498000000 ---p 00000000 00:00 0 
7ff498000000-7ff498021000 rw-p 00000000 00:00 0 
7ff498021000-7ff49c000000 ---p 00000000 00:00 0 
7ff49c000000-7ff49c021000 rw-p 00000000 00:00 0 
7ff49c021000-7ff4a0000000 ---p 00000000 00:00 0 
7ff4a0000000-7ff4a0021000 rw-p 00000000 00:00 0 
7ff4a0021000-7ff4a4000000 ---p 00000000 00:00 0 
7ff4a4000000-7ff4a4021000 rw-p 00000000 00:00 0 
7ff4a4021000-7ff4a8000000 ---p 00000000 00:00 0 
7ff4a8000000-7ff4a8021000 rw-p 00000000 00:00 0 
7ff4a8021000-7ff4ac000000 ---p 00000000 00:00 0 
7ff4ae9fb000-7ff4aeafb000 rw-p 00000000 00:00 0 
7ff4aeafb000-7ff4aebfe000 ---p 00000000 00:00 0 
7ff4aebfe000-7ff4aecfc000 rw-p 00000000 00:00 0 
7ff4aecfc000-7ff4aecff000 ---p 00000000 00:00 0 
7ff4aecff000-7ff4aedfd000 rw-p 00000000 00:00 0 
7ff4aeefe000-7ff4aef01000 ---p 00000000 00:00 0 
7ff4aef01000-7ff4aefff000 rw-p 00000000 00:00 0 
7ff4b0000000-7ff4b0021000 rw-p 00000000 00:00 0 
7ff4b0021000-7ff4b4000000 ---p 00000000 00:00 0 
7ff4b40f0000-7ff4b40f3000 ---p 00000000 00:00 0 
7ff4b40f3000-7ff4b41f1000 rw-p 00000000 00:00 0 
7ff4b41f1000-7ff4b41f4000 ---p 00000000 00:00 0 
7ff4b41f4000-7ff4b42f2000 rw-p 00000000 00:00 0 
7ff4b42f2000-7ff4b42f5000 ---p 00000000 00:00 0 
7ff4b42f5000-7ff4b43f3000 rw-p 00000000 00:00 0 
7ff4b43f3000-7ff4b43f6000 ---p 00000000 00:00 0 
7ff4b43f6000-7ff4b44f4000 rw-p 00000000 00:00 0 
7ff4b44f4000-7ff4b44f7000 ---p 00000000 00:00 0 
7ff4b44f7000-7ff4b45f5000 rw-p 00000000 00:00 0 
7ff4b45f5000-7ff4b45f8000 ---p 00000000 00:00 0 
7ff4b45f8000-7ff4b46f6000 rw-p 00000000 00:00 0 
7ff4b46f6000-7ff4b46f9000 ---p 00000000 00:00 0 
7ff4b46f9000-7ff4b47f7000 rw-p 00000000 00:00 0 
7ff4b47f7000-7ff4b47fa000 ---p 00000000 00:00 0 
7ff4b47fa000-7ff4b48f8000 rw-p 00000000 00:00 0 
7ff4b48f8000-7ff4b48fb000 ---p 00000000 00:00 0 
7ff4b48fb000-7ff4b49f9000 rw-p 00000000 00:00 0 
7ff4b49f9000-7ff4b49fc000 ---p 00000000 00:00 0 
7ff4b49fc000-7ff4b4afa000 rw-p 00000000 00:00 0 
7ff4b4afa000-7ff4b4afd000 ---p 00000000 00:00 0 
7ff4b4afd000-7ff4b4bfb000 rw-p 00000000 00:00 0 
7ff4b4bfb000-7ff4b4bfe000 ---p 00000000 00:00 0 
7ff4b4bfe000-7ff4b4efc000 rw-p 00000000 00:00 0 
7ff4b8000000-7ff4b8021000 rw-p 00000000 00:00 0 
7ff4b8021000-7ff4bc000000 ---p 00000000 00:00 0 
7ff4bc000000-7ff4bc021000 rw-p 00000000 00:00 0 
7ff4bc021000-7ff4c0000000 ---p 00000000 00:00 0 
7ff4c0000000-7ff4c0021000 rw-p 00000000 00:00 0 
7ff4c0021000-7ff4c4000000 ---p 00000000 00:00 0 
7ff4c4000000-7ff4c4021000 rw-p 00000000 00:00 0 
7ff4c4021000-7ff4c8000000 ---p 00000000 00:00 0 
7ff4c8000000-7ff4c8021000 rw-p 00000000 00:00 0 
7ff4c8021000-7ff4cc000000 ---p 00000000 00:00 0 
7ff4cc000000-7ff4cc021000 rw-p 00000000 00:00 0 
7ff4cc021000-7ff4d0000000 ---p 00000000 00:00 0 
7ff4d0000000-7ff4d0021000 rw-p 00000000 00:00 0 
7ff4d0021000-7ff4d4000000 ---p 00000000 00:00 0 
7ff4d4000000-7ff4d4021000 rw-p 00000000 00:00 0 
7ff4d4021000-7ff4d8000000 ---p 00000000 00:00 0 
7ff4d8000000-7ff4d86df000 rw-p 00000000 00:00 0 
7ff4d86df000-7ff4dc000000 ---p 00000000 00:00 0 
7ff4dc000000-7ff4dc021000 rw-p 00000000 00:00 0 
7ff4dc021000-7ff4e0000000 ---p 00000000 00:00 0 
7ff4e0000000-7ff4e0021000 rw-p 00000000 00:00 0 
7ff4e0021000-7ff4e4000000 ---p 00000000 00:00 0 
7ff4e4000000-7ff4e427a000 rw-p 00000000 00:00 0 
7ff4e427a000-7ff4e8000000 ---p 00000000 00:00 0 
7ff4e8000000-7ff4e80f9000 rw-p 00000000 00:00 0 
7ff4e80f9000-7ff4ec000000 ---p 00000000 00:00 0 
7ff4ec000000-7ff4ec089000 rw-p 00000000 00:00 0 
7ff4ec089000-7ff4f0000000 ---p 00000000 00:00 0 
7ff4f0000000-7ff4f0021000 rw-p 00000000 00:00 0 
7ff4f0021000-7ff4f4000000 ---p 00000000 00:00 0 
7ff4f4000000-7ff4f4021000 rw-p 00000000 00:00 0 
7ff4f4021000-7ff4f8000000 ---p 00000000 00:00 0 
7ff4f8000000-7ff4f8021000 rw-p 00000000 00:00 0 
7ff4f8021000-7ff4fc000000 ---p 00000000 00:00 0 
7ff4fc000000-7ff4fc021000 rw-p 00000000 00:00 0 
7ff4fc021000-7ff500000000 ---p 00000000 00:00 0 
7ff500000000-7ff500021000 rw-p 00000000 00:00 0 
7ff500021000-7ff504000000 ---p 00000000 00:00 0 
7ff504000000-7ff504021000 rw-p 00000000 00:00 0 
7ff504021000-7ff508000000 ---p 00000000 00:00 0 
7ff508000000-7ff508021000 rw-p 00000000 00:00 0 
7ff508021000-7ff50c000000 ---p 00000000 00:00 0 
7ff50c000000-7ff50c021000 rw-p 00000000 00:00 0 
7ff50c021000-7ff510000000 ---p 00000000 00:00 0 
7ff510000000-7ff510021000 rw-p 00000000 00:00 0 
7ff510021000-7ff514000000 ---p 00000000 00:00 0 
7ff514000000-7ff514027000 rw-p 00000000 00:00 0 
7ff514027000-7ff518000000 ---p 00000000 00:00 0 
7ff518000000-7ff518021000 rw-p 00000000 00:00 0 
7ff518021000-7ff51c000000 ---p 00000000 00:00 0 
7ff51c000000-7ff51c057000 rw-p 00000000 00:00 0 
7ff51c057000-7ff520000000 ---p 00000000 00:00 0 
7ff5202ee000-7ff5202f1000 ---p 00000000 00:00 0 
7ff5202f1000-7ff5203ef000 rw-p 00000000 00:00 0 
7ff5203ef000-7ff5203f2000 ---p 00000000 00:00 0 
7ff5203f2000-7ff5204f0000 rw-p 00000000 00:00 0 
7ff5204f0000-7ff5204f3000 ---p 00000000 00:00 0 
7ff5204f3000-7ff5205f1000 rw-p 00000000 00:00 0 
7ff5205f1000-7ff5205f4000 ---p 00000000 00:00 0 
7ff5205f4000-7ff5206f2000 rw-p 00000000 00:00 0 
7ff5208f4000-7ff520af4000 rw-p 00000000 00:00 0 
7ff520af4000-7ff520af7000 ---p 00000000 00:00 0 
7ff520af7000-7ff520bf5000 rw-p 00000000 00:00 0 
7ff520bf5000-7ff520bf8000 ---p 00000000 00:00 0 
7ff520bf8000-7ff520ef6000 rw-p 00000000 00:00 0 
7ff520ef6000-7ff520ef9000 ---p 00000000 00:00 0 
7ff520ef9000-7ff520ff7000 rw-p 00000000 00:00 0 
7ff520ff7000-7ff520ffa000 ---p 00000000 00:00 0 
7ff520ffa000-7ff5212f8000 rw-p 00000000 00:00 0 
7ff5212f8000-7ff5214f8000 rw-p 00000000 00:00 0 
7ff521730000-7ff521930000 rw-p 00000000 00:00 0 
7ff521930000-7ff52193f000 r-xp 00000000 08:02 444106                     /usr/lib/libnss_myhostname.so.2
7ff52193f000-7ff521b3f000 ---p 0000f000 08:02 444106                     /usr/lib/libnss_myhostname.so.2
7ff521b3f000-7ff521b41000 r--p 0000f000 08:02 444106                     /usr/lib/libnss_myhostname.so.2
7ff521b41000-7ff521b42000 rw-p 00011000 08:02 444106                     /usr/lib/libnss_myhostname.so.2
7ff521e55000-7ff521e68000 r-xp 00000000 08:02 395242                     /usr/lib/libresolv-2.26.so
7ff521e68000-7ff522068000 ---p 00013000 08:02 395242                     /usr/lib/libresolv-2.26.so
7ff522068000-7ff522069000 r--p 00013000 08:02 395242                     /usr/lib/libresolv-2.26.so
7ff522069000-7ff52206a000 rw-p 00014000 08:02 395242                     /usr/lib/libresolv-2.26.so
7ff52206a000-7ff52206c000 rw-p 00000000 00:00 0 
7ff52206c000-7ff522071000 r-xp 00000000 08:02 395253                     /usr/lib/libnss_dns-2.26.so
7ff522071000-7ff522270000 ---p 00005000 08:02 395253                     /usr/lib/libnss_dns-2.26.so
7ff522270000-7ff522271000 r--p 00004000 08:02 395253                     /usr/lib/libnss_dns-2.26.so
7ff522271000-7ff522272000 rw-p 00005000 08:02 395253                     /usr/lib/libnss_dns-2.26.so
7ff522272000-7ff5222a9000 r-xp 00000000 08:02 444108                     /usr/lib/libnss_resolve.so.2
7ff5222a9000-7ff5224a9000 ---p 00037000 08:02 444108                     /usr/lib/libnss_resolve.so.2
7ff5224a9000-7ff5224ac000 r--p 00037000 08:02 444108                     /usr/lib/libnss_resolve.so.2
7ff5224ac000-7ff5224ad000 rw-p 0003a000 08:02 444108                     /usr/lib/libnss_resolve.so.2
7ff5224ad000-7ff5224e5000 r-xp 00000000 08:02 444107                     /usr/lib/libnss_mymachines.so.2
7ff5224e5000-7ff5226e4000 ---p 00038000 08:02 444107                     /usr/lib/libnss_mymachines.so.2
7ff5226e4000-7ff5226e7000 r--p 00037000 08:02 444107                     /usr/lib/libnss_mymachines.so.2
7ff5226e7000-7ff5226e8000 rw-p 0003a000 08:02 444107                     /usr/lib/libnss_mymachines.so.2
7ff5226e8000-7ff5226eb000 ---p 00000000 00:00 0 
7ff5226eb000-7ff5229e9000 rw-p 00000000 00:00 0 
7ff5229e9000-7ff5229ec000 ---p 00000000 00:00 0 
7ff5229ec000-7ff522aea000 rw-p 00000000 00:00 0 
7ff522aea000-7ff522aed000 ---p 00000000 00:00 0 
7ff522aed000-7ff522deb000 rw-p 00000000 00:00 0 
7ff522fed000-7ff522ff0000 ---p 00000000 00:00 0 
7ff522ff0000-7ff5230ee000 rw-p 00000000 00:00 0 
7ff5231ef000-7ff5231f2000 ---p 00000000 00:00 0 
7ff5231f2000-7ff5232f0000 rw-p 00000000 00:00 0 
7ff5232f0000-7ff5232f9000 r-xp 00000000 08:02 1716855                    /opt/jdk1.8.0_151/jre/lib/amd64/libmanagement.so
7ff5232f9000-7ff5234f8000 ---p 00009000 08:02 1716855                    /opt/jdk1.8.0_151/jre/lib/amd64/libmanagement.so
7ff5234f8000-7ff5234f9000 rw-p 00008000 08:02 1716855                    /opt/jdk1.8.0_151/jre/lib/amd64/libmanagement.so
7ff5234f9000-7ff5236f9000 rw-p 00000000 00:00 0 
7ff5237fa000-7ff5239fa000 rw-p 00000000 00:00 0 
7ff5239fa000-7ff5239fd000 ---p 00000000 00:00 0 
7ff5239fd000-7ff523afb000 rw-p 00000000 00:00 0 
7ff523afb000-7ff523afe000 ---p 00000000 00:00 0 
7ff523afe000-7ff523bfc000 rw-p 00000000 00:00 0 
7ff523bfc000-7ff523bff000 ---p 00000000 00:00 0 
7ff523bff000-7ff523cfd000 rw-p 00000000 00:00 0 
7ff523cfd000-7ff523d00000 ---p 00000000 00:00 0 
7ff523d00000-7ff523dfe000 rw-p 00000000 00:00 0 
7ff523dfe000-7ff523e01000 ---p 00000000 00:00 0 
7ff523e01000-7ff523eff000 rw-p 00000000 00:00 0 
7ff523eff000-7ff523f02000 ---p 00000000 00:00 0 
7ff523f02000-7ff524000000 rw-p 00000000 00:00 0 
7ff524000000-7ff524093000 rw-p 00000000 00:00 0 
7ff524093000-7ff528000000 ---p 00000000 00:00 0 
7ff528000000-7ff5281b0000 rw-p 00000000 00:00 0 
7ff5281b0000-7ff52c000000 ---p 00000000 00:00 0 
7ff52c000000-7ff52c068000 rw-p 00000000 00:00 0 
7ff52c068000-7ff530000000 ---p 00000000 00:00 0 
7ff530000000-7ff530030000 rw-p 00000000 00:00 0 
7ff530030000-7ff534000000 ---p 00000000 00:00 0 
7ff534000000-7ff53437e000 rw-p 00000000 00:00 0 
7ff53437e000-7ff538000000 ---p 00000000 00:00 0 
7ff538000000-7ff5383ca000 rw-p 00000000 00:00 0 
7ff5383ca000-7ff53c000000 ---p 00000000 00:00 0 
7ff53c000000-7ff53c021000 rw-p 00000000 00:00 0 
7ff53c021000-7ff540000000 ---p 00000000 00:00 0 
7ff540000000-7ff540bf4000 rw-p 00000000 00:00 0 
7ff540bf4000-7ff544000000 ---p 00000000 00:00 0 
7ff544000000-7ff5453fa000 rw-p 00000000 00:00 0 
7ff5453fa000-7ff548000000 ---p 00000000 00:00 0 
7ff548000000-7ff548021000 rw-p 00000000 00:00 0 
7ff548021000-7ff54c000000 ---p 00000000 00:00 0 
7ff54c000000-7ff54d1de000 rw-p 00000000 00:00 0 
7ff54d1de000-7ff550000000 ---p 00000000 00:00 0 
7ff550000000-7ff5511ea000 rw-p 00000000 00:00 0 
7ff5511ea000-7ff554000000 ---p 00000000 00:00 0 
7ff554000000-7ff554021000 rw-p 00000000 00:00 0 
7ff554021000-7ff558000000 ---p 00000000 00:00 0 
7ff558000000-7ff5594fe000 rw-p 00000000 00:00 0 
7ff5594fe000-7ff55c000000 ---p 00000000 00:00 0 
7ff55c000000-7ff55c021000 rw-p 00000000 00:00 0 
7ff55c021000-7ff560000000 ---p 00000000 00:00 0 
7ff560000000-7ff56029d000 rw-p 00000000 00:00 0 
7ff56029d000-7ff564000000 ---p 00000000 00:00 0 
7ff564000000-7ff564122000 rw-p 00000000 00:00 0 
7ff564122000-7ff568000000 ---p 00000000 00:00 0 
7ff56808b000-7ff5680a6000 r--s 001d3000 08:02 1716733                    /opt/jdk1.8.0_151/jre/lib/ext/nashorn.jar
7ff5680a6000-7ff5680a8000 r-xp 00000000 00:00 0 
7ff5680a9000-7ff5680ac000 ---p 00000000 00:00 0 
7ff5680ac000-7ff5681aa000 rw-p 00000000 00:00 0 
7ff5681aa000-7ff5681ad000 ---p 00000000 00:00 0 
7ff5681ad000-7ff5684ab000 rw-p 00000000 00:00 0 
7ff5684ab000-7ff5686ab000 rw-p 00000000 00:00 0 
7ff5686ab000-7ff5686ae000 ---p 00000000 00:00 0 
7ff5686ae000-7ff5689ac000 rw-p 00000000 00:00 0 
7ff568caf000-7ff568eaf000 rw-p 00000000 00:00 0 
7ff568eaf000-7ff568eb2000 ---p 00000000 00:00 0 
7ff568eb2000-7ff5691b0000 rw-p 00000000 00:00 0 
7ff5691b0000-7ff5693b0000 rw-p 00000000 00:00 0 
7ff5693b0000-7ff5695b0000 rw-p 00000000 00:00 0 
7ff5695c4000-7ff5695c9000 r--s 00046000 08:02 1844082                    /home/hxmc/.m2/repository/com/typesafe/akka/akka-cluster-metrics_2.12/2.5.9/akka-cluster-metrics_2.12-2.5.9.jar
7ff5695d7000-7ff5695d9000 r--s 0006e000 08:02 1968031                    /home/hxmc/.m2/repository/com/github/jnr/jffi/1.2.10/jffi-1.2.10-native.jar
7ff569621000-7ff569629000 r--s 00055000 08:02 1317838                    /home/hxmc/.m2/repository/io/netty/netty-transport/4.0.47.Final/netty-transport-4.0.47.Final.jar
7ff569629000-7ff569631000 r--s 00052000 08:02 1317813                    /home/hxmc/.m2/repository/io/netty/netty-common/4.0.47.Final/netty-common-4.0.47.Final.jar
7ff569631000-7ff569635000 r--s 00036000 08:02 1317811                    /home/hxmc/.m2/repository/io/netty/netty-buffer/4.0.47.Final/netty-buffer-4.0.47.Final.jar
7ff56963c000-7ff56964f000 r--s 000f9000 08:02 1966386                    /home/hxmc/.m2/repository/com/datastax/cassandra/cassandra-driver-core/3.3.1/cassandra-driver-core-3.3.1.jar
7ff56964f000-7ff569657000 r--s 0008a000 08:02 1844143                    /home/hxmc/.m2/repository/com/typesafe/akka/akka-persistence-cassandra_2.12/0.80/akka-persistence-cassandra_2.12-0.80.jar
7ff56965a000-7ff56965e000 r--s 00038000 08:02 1836532                    /home/hxmc/.m2/repository/com/typesafe/ssl-config-core_2.12/0.2.2/ssl-config-core_2.12-0.2.2.jar
7ff56965e000-7ff56968e000 r--s 00364000 08:02 1836176                    /home/hxmc/.m2/repository/com/typesafe/akka/akka-stream_2.12/2.5.9/akka-stream_2.12-2.5.9.jar
7ff56968e000-7ff569691000 r--s 0001a000 08:02 1835951                    /home/hxmc/.m2/repository/com/typesafe/akka/akka-persistence-query_2.12/2.5.9/akka-persistence-query_2.12-2.5.9.jar
7ff569698000-7ff5696a3000 r--s 000cd000 08:02 1844106                    /home/hxmc/.m2/repository/com/typesafe/akka/akka-persistence_2.12/2.5.9/akka-persistence_2.12-2.5.9.jar
7ff5696a3000-7ff5696ab000 r--s 00088000 08:02 1844087                    /home/hxmc/.m2/repository/com/typesafe/akka/akka-cluster-tools_2.12/2.5.9/akka-cluster-tools_2.12-2.5.9.jar
7ff5696b4000-7ff5696c1000 r--s 0010c000 08:02 1844104                    /home/hxmc/.m2/repository/com/typesafe/akka/akka-distributed-data_2.12/2.5.9/akka-distributed-data_2.12-2.5.9.jar
7ff5696c1000-7ff5696c9000 r--s 0007d000 08:02 1844102                    /home/hxmc/.m2/repository/com/typesafe/akka/akka-cluster-sharding_2.12/2.5.9/akka-cluster-sharding_2.12-2.5.9.jar
7ff5696d7000-7ff5696f0000 r--s 00123000 08:02 1314002                    /home/hxmc/.m2/repository/io/netty/netty/3.10.6.Final/netty-3.10.6.Final.jar
7ff5696f0000-7ff569709000 r--s 00211000 08:02 1836174                    /home/hxmc/.m2/repository/com/typesafe/akka/akka-remote_2.12/2.5.9/akka-remote_2.12-2.5.9.jar
7ff569709000-7ff569713000 r--s 000cb000 08:02 1836166                    /home/hxmc/.m2/repository/com/typesafe/akka/akka-cluster_2.12/2.5.9/akka-cluster_2.12-2.5.9.jar
7ff56972b000-7ff569763000 r--s 004ca000 08:02 1573312                    /home/hxmc/.m2/repository/org/scala-lang/scala-library/2.12.4/scala-library-2.12.4.jar
7ff569763000-7ff569785000 r--s 002eb000 08:02 1836168                    /home/hxmc/.m2/repository/com/typesafe/akka/akka-actor_2.12/2.5.9/akka-actor_2.12-2.5.9.jar
7ff569785000-7ff569788000 ---p 00000000 00:00 0 
7ff569788000-7ff569a86000 rw-p 00000000 00:00 0 
7ff569a86000-7ff569a97000 r-xp 00000000 08:02 1716850                    /opt/jdk1.8.0_151/jre/lib/amd64/libnio.so
7ff569a97000-7ff569c96000 ---p 00011000 08:02 1716850                    /opt/jdk1.8.0_151/jre/lib/amd64/libnio.so
7ff569c96000-7ff569c97000 rw-p 00010000 08:02 1716850                    /opt/jdk1.8.0_151/jre/lib/amd64/libnio.so
7ff569c97000-7ff569cae000 r-xp 00000000 08:02 1716847                    /opt/jdk1.8.0_151/jre/lib/amd64/libnet.so
7ff569cae000-7ff569ead000 ---p 00017000 08:02 1716847                    /opt/jdk1.8.0_151/jre/lib/amd64/libnet.so
7ff569ead000-7ff569eae000 rw-p 00016000 08:02 1716847                    /opt/jdk1.8.0_151/jre/lib/amd64/libnet.so
7ff569eae000-7ff56a0ae000 rw-p 00000000 00:00 0 
7ff56a0ae000-7ff56a2ae000 rw-p 00000000 00:00 0 
7ff56a2ae000-7ff56a4ae000 rw-p 00000000 00:00 0 
7ff56a4ae000-7ff56a4b0000 r-xp 00000000 08:02 395240                     /usr/lib/libutil-2.26.so
7ff56a4b0000-7ff56a6af000 ---p 00002000 08:02 395240                     /usr/lib/libutil-2.26.so
7ff56a6af000-7ff56a6b0000 r--p 00001000 08:02 395240                     /usr/lib/libutil-2.26.so
7ff56a6b0000-7ff56a6b1000 rw-p 00002000 08:02 395240                     /usr/lib/libutil-2.26.so
7ff56a6b3000-7ff56a6b5000 r--s 0000c000 08:02 1851402                    /home/hxmc/.m2/repository/org/apache/commons/commons-exec/1.3/commons-exec-1.3.jar
7ff56a6b5000-7ff56a6b9000 r--s 00038000 08:02 1218403                    /home/hxmc/.m2/repository/org/codehaus/plexus/plexus-utils/3.0.20/plexus-utils-3.0.20.jar
7ff56a6b9000-7ff56a6bb000 r--s 00002000 08:02 1579103                    /home/hxmc/.m2/repository/org/sonatype/plexus/plexus-cipher/1.4/plexus-cipher-1.4.jar
7ff56a6bb000-7ff56a6bc000 r--s 00006000 08:02 1579101                    /home/hxmc/.m2/repository/org/sonatype/plexus/plexus-sec-dispatcher/1.3/plexus-sec-dispatcher-1.3.jar
7ff56a6bc000-7ff56a6be000 r--s 00002000 08:02 1847467                    /home/hxmc/.m2/repository/org/codehaus/plexus/plexus-interactivity-api/1.0-alpha-4/plexus-interactivity-api-1.0-alpha-4.jar
7ff56a6be000-7ff56a6c0000 r--s 00009000 08:02 1850216                    /home/hxmc/.m2/repository/commons-cli/commons-cli/1.2/commons-cli-1.2.jar
7ff56a6c0000-7ff56a6c1000 r--s 00002000 08:02 1850283                    /home/hxmc/.m2/repository/org/apache/maven/doxia/doxia-logging-api/1.1/doxia-logging-api-1.1.jar
7ff56a6c1000-7ff56a6c3000 r--s 00002000 08:02 1850279                    /home/hxmc/.m2/repository/org/apache/maven/doxia/doxia-sink-api/1.1/doxia-sink-api-1.1.jar
7ff56a6c3000-7ff56a6c4000 r--s 00002000 08:02 1850277                    /home/hxmc/.m2/repository/org/apache/maven/reporting/maven-reporting-api/2.2.1/maven-reporting-api-2.2.1.jar
7ff56a6c4000-7ff56a6c6000 r--s 00003000 08:02 1443537                    /home/hxmc/.m2/repository/org/slf4j/jcl-over-slf4j/1.5.6/jcl-over-slf4j-1.5.6.jar
7ff56a6c6000-7ff56a6c8000 r--s 00001000 08:02 1321750                    /home/hxmc/.m2/repository/org/slf4j/slf4j-jdk14/1.5.6/slf4j-jdk14-1.5.6.jar
7ff56a6c8000-7ff56a6d0000 r--s 00049000 08:02 1850239                    /home/hxmc/.m2/repository/backport-util-concurrent/backport-util-concurrent/3.1/backport-util-concurrent-3.1.jar
7ff56a6d0000-7ff56a6d2000 r--s 0000b000 08:02 1850206                    /home/hxmc/.m2/repository/org/codehaus/plexus/plexus-interpolation/1.11/plexus-interpolation-1.11.jar
7ff56a6d2000-7ff56a6d4000 r--s 0000c000 08:02 951064                     /home/hxmc/.m2/repository/org/codehaus/mojo/exec-maven-plugin/1.5.0/exec-maven-plugin-1.5.0.jar
7ff56a6d4000-7ff56a6d9000 r--s 0009a000 08:02 1716727                    /opt/jdk1.8.0_151/jre/lib/jsse.jar
7ff56a6d9000-7ff56a6dc000 r-xp 00000000 08:02 1708217                    /opt/maven/lib/jansi-native/linux64/libjansi.so
7ff56a6dc000-7ff56a8db000 ---p 00003000 08:02 1708217                    /opt/maven/lib/jansi-native/linux64/libjansi.so
7ff56a8db000-7ff56a8dc000 rw-p 00002000 08:02 1708217                    /opt/maven/lib/jansi-native/linux64/libjansi.so
7ff56a8dc000-7ff56a8df000 r--s 0003c000 08:02 1708188                    /opt/maven/lib/jansi-1.16.jar
7ff56a8df000-7ff56a8e0000 r--s 00003000 08:02 1708162                    /opt/maven/lib/maven-builder-support-3.5.2.jar
7ff56a8e0000-7ff56a8e1000 r--s 00000000 08:02 1708201                    /opt/maven/lib/javax.inject-1.jar
7ff56a8e1000-7ff56a8e2000 r--s 00006000 08:02 1708195                    /opt/maven/lib/plexus-sec-dispatcher-1.4.jar
7ff56a8e2000-7ff56a8ea000 r--s 0006e000 08:02 1708212                    /opt/maven/lib/commons-lang3-3.5.jar
7ff56a8ea000-7ff56a8eb000 r--s 00005000 08:02 1708148                    /opt/maven/lib/maven-slf4j-provider-3.5.2.jar
7ff56a8eb000-7ff56a8ef000 r--s 0002a000 08:02 1708156                    /opt/maven/lib/maven-resolver-impl-1.1.0.jar
7ff56a8ef000-7ff56a8f5000 r--s 0002d000 08:02 1708140                    /opt/maven/lib/org.eclipse.sisu.plexus-0.3.3.jar
7ff56a8f5000-7ff56a8fc000 r--s 00041000 08:02 1708191                    /opt/maven/lib/maven-compat-3.5.2.jar
7ff56a8fc000-7ff56a903000 r--s 00056000 08:02 1708133                    /opt/maven/lib/org.eclipse.sisu.inject-0.3.3.jar
7ff56a903000-7ff56a907000 r--s 0003c000 08:02 1708150                    /opt/maven/lib/plexus-utils-3.1.0.jar
7ff56a907000-7ff56a909000 r--s 0000a000 08:02 1708152                    /opt/maven/lib/maven-plugin-api-3.5.2.jar
7ff56a909000-7ff56a90b000 r--s 00003000 08:02 1708204                    /opt/maven/lib/jcl-over-slf4j-1.7.25.jar
7ff56a90b000-7ff56a90f000 r--s 00028000 08:02 1708173                    /opt/maven/lib/maven-model-builder-3.5.2.jar
7ff56a90f000-7ff56a910000 r--s 00006000 08:02 1708154                    /opt/maven/lib/maven-repository-metadata-3.5.2.jar
7ff56a910000-7ff56a912000 r--s 0000f000 08:02 1708176                    /opt/maven/lib/maven-resolver-provider-3.5.2.jar
7ff56a912000-7ff56a914000 r--s 00000000 08:02 1708145                    /opt/maven/lib/plexus-component-annotations-1.7.1.jar
7ff56a914000-7ff56a918000 r--s 0002f000 08:02 1708186                    /opt/maven/lib/commons-io-2.5.jar
7ff56a918000-7ff56a944000 r--s 001e6000 08:02 1708158                    /opt/maven/lib/wagon-http-2.12-shaded.jar
7ff56a944000-7ff56a946000 r--s 0000c000 08:02 1708196                    /opt/maven/lib/wagon-provider-api-2.12.jar
7ff56a946000-7ff56a948000 r--s 00000000 08:02 1708184                    /opt/maven/lib/aopalliance-1.0.jar
7ff56a948000-7ff56a94a000 r--s 00009000 08:02 1708157                    /opt/maven/lib/maven-settings-builder-3.5.2.jar
7ff56a94a000-7ff56a94c000 r--s 0000c000 08:02 1708138                    /opt/maven/lib/maven-artifact-3.5.2.jar
7ff56a94c000-7ff56a950000 r--s 00020000 08:02 1708192                    /opt/maven/lib/maven-resolver-api-1.1.0.jar
7ff56a950000-7ff56a951000 ---p 00000000 00:00 0 
7ff56a951000-7ff56aa51000 rw-p 00000000 00:00 0 
7ff56aa51000-7ff56aa54000 ---p 00000000 00:00 0 
7ff56aa54000-7ff56ab52000 rw-p 00000000 00:00 0 
7ff56ab52000-7ff56ab53000 ---p 00000000 00:00 0 
7ff56ab53000-7ff56ab56000 ---p 00000000 00:00 0 
7ff56ab56000-7ff56ac53000 rw-p 00000000 00:00 0 
7ff56ac53000-7ff56ac54000 ---p 00000000 00:00 0 
7ff56ac54000-7ff56ac57000 ---p 00000000 00:00 0 
7ff56ac57000-7ff56ad54000 rw-p 00000000 00:00 0 
7ff56ad54000-7ff56ad55000 ---p 00000000 00:00 0 
7ff56ad55000-7ff56ad58000 ---p 00000000 00:00 0 
7ff56ad58000-7ff56ae55000 rw-p 00000000 00:00 0 
7ff56ae55000-7ff56ae56000 ---p 00000000 00:00 0 
7ff56ae56000-7ff56ae59000 ---p 00000000 00:00 0 
7ff56ae59000-7ff56af56000 rw-p 00000000 00:00 0 
7ff56af56000-7ff56af59000 ---p 00000000 00:00 0 
7ff56af59000-7ff56b057000 rw-p 00000000 00:00 0 
7ff56b057000-7ff56b1f2000 r--p 00000000 08:02 436212                     /usr/lib/locale/locale-archive
7ff56b1f2000-7ff56b1f5000 ---p 00000000 00:00 0 
7ff56b1f5000-7ff56b2f3000 rw-p 00000000 00:00 0 
7ff56b2f3000-7ff56b2f6000 ---p 00000000 00:00 0 
7ff56b2f6000-7ff56b3f4000 rw-p 00000000 00:00 0 
7ff56b3f4000-7ff56b3f5000 ---p 00000000 00:00 0 
7ff56b3f5000-7ff56c000000 rw-p 00000000 00:00 0 
7ff56c000000-7ff56c021000 rw-p 00000000 00:00 0 
7ff56c021000-7ff570000000 ---p 00000000 00:00 0 
7ff570000000-7ff570021000 rw-p 00000000 00:00 0 
7ff570021000-7ff574000000 ---p 00000000 00:00 0 
7ff574000000-7ff574021000 rw-p 00000000 00:00 0 
7ff574021000-7ff578000000 ---p 00000000 00:00 0 
7ff578000000-7ff578021000 rw-p 00000000 00:00 0 
7ff578021000-7ff57c000000 ---p 00000000 00:00 0 
7ff57c000000-7ff57c021000 rw-p 00000000 00:00 0 
7ff57c021000-7ff580000000 ---p 00000000 00:00 0 
7ff580000000-7ff580021000 rw-p 00000000 00:00 0 
7ff580021000-7ff584000000 ---p 00000000 00:00 0 
7ff584000000-7ff584021000 rw-p 00000000 00:00 0 
7ff584021000-7ff588000000 ---p 00000000 00:00 0 
7ff588000000-7ff588021000 rw-p 00000000 00:00 0 
7ff588021000-7ff58c000000 ---p 00000000 00:00 0 
7ff58c000000-7ff58c021000 rw-p 00000000 00:00 0 
7ff58c021000-7ff590000000 ---p 00000000 00:00 0 
7ff590000000-7ff590003000 r--s 00011000 08:02 1708210                    /opt/maven/lib/plexus-interpolation-1.24.jar
7ff590003000-7ff590032000 r--s 00226000 08:02 1708205                    /opt/maven/lib/guava-20.0.jar
7ff590032000-7ff590034000 r--s 00009000 08:02 1708199                    /opt/maven/lib/slf4j-api-1.7.25.jar
7ff590034000-7ff590036000 r--s 00002000 08:02 1708160                    /opt/maven/lib/plexus-cipher-1.7.jar
7ff590036000-7ff590038000 r--s 0000c000 08:02 1708180                    /opt/maven/lib/commons-cli-1.4.jar
7ff590038000-7ff590041000 r--s 0005f000 08:02 1708144                    /opt/maven/lib/guice-4.0-no_aop.jar
7ff590041000-7ff590045000 r--s 00023000 08:02 1708169                    /opt/maven/lib/maven-resolver-util-1.1.0.jar
7ff590045000-7ff590048000 r--s 00025000 08:02 1708142                    /opt/maven/lib/maven-shared-utils-3.1.0.jar
7ff590048000-7ff59004a000 r--s 00007000 08:02 1708187                    /opt/maven/lib/maven-resolver-spi-1.1.0.jar
7ff59004a000-7ff59004c000 r--s 00009000 08:02 1708202                    /opt/maven/lib/maven-resolver-connector-basic-1.1.0.jar
7ff59004c000-7ff591000000 rw-p 00000000 00:00 0 
7ff591000000-7ff592380000 rwxp 00000000 00:00 0 
7ff592380000-7ff5a0000000 ---p 00000000 00:00 0 
7ff5a0000000-7ff5a0c19000 rw-p 00000000 00:00 0 
7ff5a0c19000-7ff5a4000000 ---p 00000000 00:00 0 
7ff5a4000000-7ff5a4003000 r--s 00008000 08:02 1708182                    /opt/maven/lib/cdi-api-1.0.jar
7ff5a4003000-7ff5a44da000 rw-p 00000000 00:00 0 
7ff5a44da000-7ff5a46b3000 r--s 03d5a000 08:02 1716678                    /opt/jdk1.8.0_151/jre/lib/rt.jar
7ff5a46b3000-7ff5a60ac000 rw-p 00000000 00:00 0 
7ff5a60ac000-7ff5a60ad000 ---p 00000000 00:00 0 
7ff5a60ad000-7ff5a61ad000 rw-p 00000000 00:00 0 
7ff5a61ad000-7ff5a61ae000 ---p 00000000 00:00 0 
7ff5a61ae000-7ff5a62ae000 rw-p 00000000 00:00 0 
7ff5a62ae000-7ff5a62af000 ---p 00000000 00:00 0 
7ff5a62af000-7ff5a63af000 rw-p 00000000 00:00 0 
7ff5a63af000-7ff5a63b0000 ---p 00000000 00:00 0 
7ff5a63b0000-7ff5a64b0000 rw-p 00000000 00:00 0 
7ff5a64b0000-7ff5a64b1000 ---p 00000000 00:00 0 
7ff5a64b1000-7ff5a65b1000 rw-p 00000000 00:00 0 
7ff5a65b1000-7ff5a65b2000 ---p 00000000 00:00 0 
7ff5a65b2000-7ff5a66b2000 rw-p 00000000 00:00 0 
7ff5a66b2000-7ff5a66b3000 ---p 00000000 00:00 0 
7ff5a66b3000-7ff5a67b3000 rw-p 00000000 00:00 0 
7ff5a67b3000-7ff5a67b4000 ---p 00000000 00:00 0 
7ff5a67b4000-7ff5a68b4000 rw-p 00000000 00:00 0 
7ff5a68b4000-7ff5a68b5000 ---p 00000000 00:00 0 
7ff5a68b5000-7ff5a6a41000 rw-p 00000000 00:00 0 
7ff5a6a41000-7ff5a6a5f000 ---p 00000000 00:00 0 
7ff5a6a5f000-7ff5a6aaa000 rw-p 00000000 00:00 0 
7ff5a6aaa000-7ff5a6ab5000 ---p 00000000 00:00 0 
7ff5a6ab5000-7ff5a6b04000 rw-p 00000000 00:00 0 
7ff5a6b04000-7ff5a6e76000 ---p 00000000 00:00 0 
7ff5a6e76000-7ff5a6e91000 r-xp 00000000 08:02 1716843                    /opt/jdk1.8.0_151/jre/lib/amd64/libzip.so
7ff5a6e91000-7ff5a7091000 ---p 0001b000 08:02 1716843                    /opt/jdk1.8.0_151/jre/lib/amd64/libzip.so
7ff5a7091000-7ff5a7092000 rw-p 0001b000 08:02 1716843                    /opt/jdk1.8.0_151/jre/lib/amd64/libzip.so
7ff5a7092000-7ff5a709d000 r-xp 00000000 08:02 395252                     /usr/lib/libnss_files-2.26.so
7ff5a709d000-7ff5a729c000 ---p 0000b000 08:02 395252                     /usr/lib/libnss_files-2.26.so
7ff5a729c000-7ff5a729d000 r--p 0000a000 08:02 395252                     /usr/lib/libnss_files-2.26.so
7ff5a729d000-7ff5a729e000 rw-p 0000b000 08:02 395252                     /usr/lib/libnss_files-2.26.so
7ff5a729e000-7ff5a72a4000 rw-p 00000000 00:00 0 
7ff5a72a4000-7ff5a72cf000 r-xp 00000000 08:02 1716837                    /opt/jdk1.8.0_151/jre/lib/amd64/libjava.so
7ff5a72cf000-7ff5a74ce000 ---p 0002b000 08:02 1716837                    /opt/jdk1.8.0_151/jre/lib/amd64/libjava.so
7ff5a74ce000-7ff5a74d0000 rw-p 0002a000 08:02 1716837                    /opt/jdk1.8.0_151/jre/lib/amd64/libjava.so
7ff5a74d0000-7ff5a74dd000 r-xp 00000000 08:02 1716842                    /opt/jdk1.8.0_151/jre/lib/amd64/libverify.so
7ff5a74dd000-7ff5a76dd000 ---p 0000d000 08:02 1716842                    /opt/jdk1.8.0_151/jre/lib/amd64/libverify.so
7ff5a76dd000-7ff5a76df000 rw-p 0000d000 08:02 1716842                    /opt/jdk1.8.0_151/jre/lib/amd64/libverify.so
7ff5a76df000-7ff5a76e6000 r-xp 00000000 08:02 395241                     /usr/lib/librt-2.26.so
7ff5a76e6000-7ff5a78e5000 ---p 00007000 08:02 395241                     /usr/lib/librt-2.26.so
7ff5a78e5000-7ff5a78e6000 r--p 00006000 08:02 395241                     /usr/lib/librt-2.26.so
7ff5a78e6000-7ff5a78e7000 rw-p 00007000 08:02 395241                     /usr/lib/librt-2.26.so
7ff5a78e7000-7ff5a7a32000 r-xp 00000000 08:02 395246                     /usr/lib/libm-2.26.so
7ff5a7a32000-7ff5a7c31000 ---p 0014b000 08:02 395246                     /usr/lib/libm-2.26.so
7ff5a7c31000-7ff5a7c32000 r--p 0014a000 08:02 395246                     /usr/lib/libm-2.26.so
7ff5a7c32000-7ff5a7c33000 rw-p 0014b000 08:02 395246                     /usr/lib/libm-2.26.so
7ff5a7c33000-7ff5a8906000 r-xp 00000000 08:02 1716820                    /opt/jdk1.8.0_151/jre/lib/amd64/server/libjvm.so
7ff5a8906000-7ff5a8b05000 ---p 00cd3000 08:02 1716820                    /opt/jdk1.8.0_151/jre/lib/amd64/server/libjvm.so
7ff5a8b05000-7ff5a8bdf000 rw-p 00cd2000 08:02 1716820                    /opt/jdk1.8.0_151/jre/lib/amd64/server/libjvm.so
7ff5a8bdf000-7ff5a8c2a000 rw-p 00000000 00:00 0 
7ff5a8c2a000-7ff5a8dd8000 r-xp 00000000 08:02 395317                     /usr/lib/libc-2.26.so
7ff5a8dd8000-7ff5a8fd7000 ---p 001ae000 08:02 395317                     /usr/lib/libc-2.26.so
7ff5a8fd7000-7ff5a8fdb000 r--p 001ad000 08:02 395317                     /usr/lib/libc-2.26.so
7ff5a8fdb000-7ff5a8fdd000 rw-p 001b1000 08:02 395317                     /usr/lib/libc-2.26.so
7ff5a8fdd000-7ff5a8fe1000 rw-p 00000000 00:00 0 
7ff5a8fe1000-7ff5a8fe4000 r-xp 00000000 08:02 395248                     /usr/lib/libdl-2.26.so
7ff5a8fe4000-7ff5a91e3000 ---p 00003000 08:02 395248                     /usr/lib/libdl-2.26.so
7ff5a91e3000-7ff5a91e4000 r--p 00002000 08:02 395248                     /usr/lib/libdl-2.26.so
7ff5a91e4000-7ff5a91e5000 rw-p 00003000 08:02 395248                     /usr/lib/libdl-2.26.so
7ff5a91e5000-7ff5a91fb000 r-xp 00000000 08:02 1716538                    /opt/jdk1.8.0_151/lib/amd64/jli/libjli.so
7ff5a91fb000-7ff5a93fa000 ---p 00016000 08:02 1716538                    /opt/jdk1.8.0_151/lib/amd64/jli/libjli.so
7ff5a93fa000-7ff5a93fb000 rw-p 00015000 08:02 1716538                    /opt/jdk1.8.0_151/lib/amd64/jli/libjli.so
7ff5a93fb000-7ff5a9414000 r-xp 00000000 08:02 395339                     /usr/lib/libpthread-2.26.so
7ff5a9414000-7ff5a9613000 ---p 00019000 08:02 395339                     /usr/lib/libpthread-2.26.so
7ff5a9613000-7ff5a9614000 r--p 00018000 08:02 395339                     /usr/lib/libpthread-2.26.so
7ff5a9614000-7ff5a9615000 rw-p 00019000 08:02 395339                     /usr/lib/libpthread-2.26.so
7ff5a9615000-7ff5a9619000 rw-p 00000000 00:00 0 
7ff5a9619000-7ff5a963e000 r-xp 00000000 08:02 395318                     /usr/lib/ld-2.26.so
7ff5a963e000-7ff5a963f000 r--s 0000a000 08:02 1708136                    /opt/maven/lib/maven-settings-3.5.2.jar
7ff5a963f000-7ff5a9642000 r--s 00026000 08:02 1708193                    /opt/maven/lib/maven-model-3.5.2.jar
7ff5a9642000-7ff5a9644000 r--s 00006000 08:02 1708189                    /opt/maven/lib/maven-resolver-transport-wagon-1.1.0.jar
7ff5a9644000-7ff5a96f1000 rw-p 00000000 00:00 0 
7ff5a96f1000-7ff5a9710000 ---p 00000000 00:00 0 
7ff5a9710000-7ff5a9711000 ---p 00000000 00:00 0 
7ff5a9711000-7ff5a9714000 ---p 00000000 00:00 0 
7ff5a9714000-7ff5a9815000 rw-p 00000000 00:00 0 
7ff5a9815000-7ff5a9816000 r--s 00001000 08:02 1708149                    /opt/maven/lib/jsr250-api-1.0.jar
7ff5a9816000-7ff5a9823000 r--s 0008e000 08:02 1708147                    /opt/maven/lib/maven-core-3.5.2.jar
7ff5a9823000-7ff5a9824000 r--s 00002000 08:02 1708209                    /opt/maven/lib/wagon-file-2.12.jar
7ff5a9824000-7ff5a9827000 r--s 00015000 08:02 1708178                    /opt/maven/lib/maven-embedder-3.5.2.jar
7ff5a9827000-7ff5a9829000 r--s 0000b000 08:02 1709254                    /opt/maven/boot/plexus-classworlds-2.5.2.jar
7ff5a9829000-7ff5a9833000 rw-p 00000000 00:00 0 
7ff5a9833000-7ff5a983b000 rw-s 00000000 00:26 798825                     /tmp/hsperfdata_hxmc/18247
7ff5a983b000-7ff5a983c000 rw-p 00000000 00:00 0 
7ff5a983c000-7ff5a983d000 r--p 00000000 00:00 0 
7ff5a983d000-7ff5a983e000 r--p 00024000 08:02 395318                     /usr/lib/ld-2.26.so
7ff5a983e000-7ff5a983f000 rw-p 00025000 08:02 395318                     /usr/lib/ld-2.26.so
7ff5a983f000-7ff5a9840000 rw-p 00000000 00:00 0 
7ffd2510c000-7ffd2512d000 rw-p 00000000 00:00 0                          [stack]
7ffd251af000-7ffd251b2000 r--p 00000000 00:00 0                          [vvar]
7ffd251b2000-7ffd251b4000 r-xp 00000000 00:00 0                          [vdso]
ffffffffff600000-ffffffffff601000 r-xp 00000000 00:00 0                  [vsyscall]

VM Arguments:
jvm_args: -Xmx512m -Dclassworlds.conf=/opt/maven/bin/m2.conf -Dmaven.home=/opt/maven -Dlibrary.jansi.path=/opt/maven/lib/jansi-native -Dmaven.multiModuleProjectDirectory=/home/hxmc/Lightbend/akka-java-cluster-persistence-query 
java_command: org.codehaus.plexus.classworlds.launcher.Launcher exec:java -Dexec.args=0
java_class_path (initial): /opt/maven/boot/plexus-classworlds-2.5.2.jar
Launcher Type: SUN_STANDARD

Environment Variables:
JAVA_HOME=/opt/java
PATH=/opt/java/bin:/home/hxmc/cassandra/bin:/opt/java/bin:/home/hxmc/cassandra/bin:/usr/local/sbin:/usr/local/bin:/usr/bin:/usr/lib/jvm/default/bin:/usr/bin/site_perl:/usr/bin/vendor_perl:/usr/bin/core_perl:/home/hxmc/bin:/home/hxmc/bin
SHELL=/bin/bash
DISPLAY=:0

Signal Handlers:
SIGSEGV: [libjvm.so+0xacbe10], sa_mask[0]=11111111011111111101111111111110, sa_flags=SA_RESTART|SA_SIGINFO
SIGBUS: [libjvm.so+0xacbe10], sa_mask[0]=11111111011111111101111111111110, sa_flags=SA_RESTART|SA_SIGINFO
SIGFPE: [libjvm.so+0x924f90], sa_mask[0]=11111111011111111101111111111110, sa_flags=SA_RESTART|SA_SIGINFO
SIGPIPE: [libjvm.so+0x924f90], sa_mask[0]=11111111011111111101111111111110, sa_flags=SA_RESTART|SA_SIGINFO
SIGXFSZ: [libjvm.so+0x924f90], sa_mask[0]=11111111011111111101111111111110, sa_flags=SA_RESTART|SA_SIGINFO
SIGILL: [libjvm.so+0x924f90], sa_mask[0]=11111111011111111101111111111110, sa_flags=SA_RESTART|SA_SIGINFO
SIGUSR1: SIG_DFL, sa_mask[0]=00000000000000000000000000000000, sa_flags=none
SIGUSR2: [libjvm.so+0x9267d0], sa_mask[0]=00000000000000000000000000000000, sa_flags=SA_RESTART|SA_SIGINFO
SIGHUP: [libjvm.so+0x927bd0], sa_mask[0]=11111111011111111101111111111110, sa_flags=SA_RESTART|SA_SIGINFO
SIGINT: [libjvm.so+0x927bd0], sa_mask[0]=11111111011111111101111111111110, sa_flags=SA_RESTART|SA_SIGINFO
SIGTERM: [libjvm.so+0x927bd0], sa_mask[0]=11111111011111111101111111111110, sa_flags=SA_RESTART|SA_SIGINFO
SIGQUIT: [libjvm.so+0x927bd0], sa_mask[0]=11111111011111111101111111111110, sa_flags=SA_RESTART|SA_SIGINFO


---------------  S Y S T E M  ---------------

OS:NAME="Arch Linux"
PRETTY_NAME="Arch Linux"
ID=arch
ID_LIKE=archlinux
ANSI_COLOR="0;36"
HOME_URL="https://www.archlinux.org/"
SUPPORT_URL="https://bbs.archlinux.org/"
BUG_REPORT_URL="https://bugs.archlinux.org/"

uname:Linux 4.14.15-1-ARCH #1 SMP PREEMPT Tue Jan 23 21:49:25 UTC 2018 x86_64
libc:glibc 2.26 NPTL 2.26 
rlimit: STACK 8192k, CORE infinity, NPROC 64129, NOFILE 4096, AS infinity
load average:2.58 1.36 0.90

/proc/meminfo:
MemTotal:       16428692 kB
MemFree:         1712028 kB
MemAvailable:    4602472 kB
Buffers:          293412 kB
Cached:          2157864 kB
SwapCached:            0 kB
Active:         12118192 kB
Inactive:        2184044 kB
Active(anon):   10981676 kB
Inactive(anon):   262696 kB
Active(file):    1136516 kB
Inactive(file):  1921348 kB
Unevictable:          32 kB
Mlocked:              32 kB
SwapTotal:             0 kB
SwapFree:              0 kB
Dirty:               608 kB
Writeback:             0 kB
AnonPages:      11547440 kB
Mapped:           946308 kB
Shmem:            293448 kB
Slab:             218928 kB
SReclaimable:     168608 kB
SUnreclaim:        50320 kB
KernelStack:       21072 kB
PageTables:        95024 kB
NFS_Unstable:          0 kB
Bounce:                0 kB
WritebackTmp:          0 kB
CommitLimit:     8214344 kB
Committed_AS:   20160100 kB
VmallocTotal:   34359738367 kB
VmallocUsed:           0 kB
VmallocChunk:          0 kB
HardwareCorrupted:     0 kB
AnonHugePages:   7344128 kB
ShmemHugePages:        0 kB
ShmemPmdMapped:        0 kB
HugePages_Total:       0
HugePages_Free:        0
HugePages_Rsvd:        0
HugePages_Surp:        0
Hugepagesize:       2048 kB
DirectMap4k:      223168 kB
DirectMap2M:    16553984 kB


CPU:total 10 (initial active 10) (10 cores per cpu, 1 threads per core) family 6 model 45 stepping 7, cmov, cx8, fxsr, mmx, sse, sse2, sse3, ssse3, sse4.1, sse4.2, popcnt, avx, aes, clmul, tsc, tscinvbit, tscinv

/proc/cpuinfo:
processor	: 0
vendor_id	: GenuineIntel
cpu family	: 6
model		: 45
model name	: Intel(R) Core(TM) i7-3930K CPU @ 3.20GHz
stepping	: 7
microcode	: 0x616
cpu MHz		: 3199.775
cache size	: 12288 KB
physical id	: 0
siblings	: 10
core id		: 0
cpu cores	: 10
apicid		: 0
initial apicid	: 0
fpu		: yes
fpu_exception	: yes
cpuid level	: 13
wp		: yes
flags		: fpu vme de pse tsc msr pae mce cx8 apic sep mtrr pge mca cmov pat pse36 clflush mmx fxsr sse sse2 ht syscall nx rdtscp lm constant_tsc rep_good nopl xtopology nonstop_tsc cpuid pni pclmulqdq ssse3 cx16 sse4_1 sse4_2 popcnt aes xsave avx lahf_lm pti retpoline
bugs		: cpu_meltdown spectre_v1 spectre_v2
bogomips	: 6402.19
clflush size	: 64
cache_alignment	: 64
address sizes	: 46 bits physical, 48 bits virtual
power management:

processor	: 1
vendor_id	: GenuineIntel
cpu family	: 6
model		: 45
model name	: Intel(R) Core(TM) i7-3930K CPU @ 3.20GHz
stepping	: 7
microcode	: 0x616
cpu MHz		: 3199.775
cache size	: 12288 KB
physical id	: 0
siblings	: 10
core id		: 1
cpu cores	: 10
apicid		: 1
initial apicid	: 1
fpu		: yes
fpu_exception	: yes
cpuid level	: 13
wp		: yes
flags		: fpu vme de pse tsc msr pae mce cx8 apic sep mtrr pge mca cmov pat pse36 clflush mmx fxsr sse sse2 ht syscall nx rdtscp lm constant_tsc rep_good nopl xtopology nonstop_tsc cpuid pni pclmulqdq ssse3 cx16 sse4_1 sse4_2 popcnt aes xsave avx lahf_lm pti retpoline
bugs		: cpu_meltdown spectre_v1 spectre_v2
bogomips	: 6402.19
clflush size	: 64
cache_alignment	: 64
address sizes	: 46 bits physical, 48 bits virtual
power management:

processor	: 2
vendor_id	: GenuineIntel
cpu family	: 6
model		: 45
model name	: Intel(R) Core(TM) i7-3930K CPU @ 3.20GHz
stepping	: 7
microcode	: 0x616
cpu MHz		: 3199.775
cache size	: 12288 KB
physical id	: 0
siblings	: 10
core id		: 2
cpu cores	: 10
apicid		: 2
initial apicid	: 2
fpu		: yes
fpu_exception	: yes
cpuid level	: 13
wp		: yes
flags		: fpu vme de pse tsc msr pae mce cx8 apic sep mtrr pge mca cmov pat pse36 clflush mmx fxsr sse sse2 ht syscall nx rdtscp lm constant_tsc rep_good nopl xtopology nonstop_tsc cpuid pni pclmulqdq ssse3 cx16 sse4_1 sse4_2 popcnt aes xsave avx lahf_lm pti retpoline
bugs		: cpu_meltdown spectre_v1 spectre_v2
bogomips	: 6402.19
clflush size	: 64
cache_alignment	: 64
address sizes	: 46 bits physical, 48 bits virtual
power management:

processor	: 3
vendor_id	: GenuineIntel
cpu family	: 6
model		: 45
model name	: Intel(R) Core(TM) i7-3930K CPU @ 3.20GHz
stepping	: 7
microcode	: 0x616
cpu MHz		: 3199.775
cache size	: 12288 KB
physical id	: 0
siblings	: 10
core id		: 3
cpu cores	: 10
apicid		: 3
initial apicid	: 3
fpu		: yes
fpu_exception	: yes
cpuid level	: 13
wp		: yes
flags		: fpu vme de pse tsc msr pae mce cx8 apic sep mtrr pge mca cmov pat pse36 clflush mmx fxsr sse sse2 ht syscall nx rdtscp lm constant_tsc rep_good nopl xtopology nonstop_tsc cpuid pni pclmulqdq ssse3 cx16 sse4_1 sse4_2 popcnt aes xsave avx lahf_lm pti retpoline
bugs		: cpu_meltdown spectre_v1 spectre_v2
bogomips	: 6402.19
clflush size	: 64
cache_alignment	: 64
address sizes	: 46 bits physical, 48 bits virtual
power management:

processor	: 4
vendor_id	: GenuineIntel
cpu family	: 6
model		: 45
model name	: Intel(R) Core(TM) i7-3930K CPU @ 3.20GHz
stepping	: 7
microcode	: 0x616
cpu MHz		: 3199.775
cache size	: 12288 KB
physical id	: 0
siblings	: 10
core id		: 4
cpu cores	: 10
apicid		: 4
initial apicid	: 4
fpu		: yes
fpu_exception	: yes
cpuid level	: 13
wp		: yes
flags		: fpu vme de pse tsc msr pae mce cx8 apic sep mtrr pge mca cmov pat pse36 clflush mmx fxsr sse sse2 ht syscall nx rdtscp lm constant_tsc rep_good nopl xtopology nonstop_tsc cpuid pni pclmulqdq ssse3 cx16 sse4_1 sse4_2 popcnt aes xsave avx lahf_lm pti retpoline
bugs		: cpu_meltdown spectre_v1 spectre_v2
bogomips	: 6402.19
clflush size	: 64
cache_alignment	: 64
address sizes	: 46 bits physical, 48 bits virtual
power management:

processor	: 5
vendor_id	: GenuineIntel
cpu family	: 6
model		: 45
model name	: Intel(R) Core(TM) i7-3930K CPU @ 3.20GHz
stepping	: 7
microcode	: 0x616
cpu MHz		: 3199.775
cache size	: 12288 KB
physical id	: 0
siblings	: 10
core id		: 5
cpu cores	: 10
apicid		: 5
initial apicid	: 5
fpu		: yes
fpu_exception	: yes
cpuid level	: 13
wp		: yes
flags		: fpu vme de pse tsc msr pae mce cx8 apic sep mtrr pge mca cmov pat pse36 clflush mmx fxsr sse sse2 ht syscall nx rdtscp lm constant_tsc rep_good nopl xtopology nonstop_tsc cpuid pni pclmulqdq ssse3 cx16 sse4_1 sse4_2 popcnt aes xsave avx lahf_lm pti retpoline
bugs		: cpu_meltdown spectre_v1 spectre_v2
bogomips	: 6402.19
clflush size	: 64
cache_alignment	: 64
address sizes	: 46 bits physical, 48 bits virtual
power management:

processor	: 6
vendor_id	: GenuineIntel
cpu family	: 6
model		: 45
model name	: Intel(R) Core(TM) i7-3930K CPU @ 3.20GHz
stepping	: 7
microcode	: 0x616
cpu MHz		: 3199.775
cache size	: 12288 KB
physical id	: 0
siblings	: 10
core id		: 6
cpu cores	: 10
apicid		: 6
initial apicid	: 6
fpu		: yes
fpu_exception	: yes
cpuid level	: 13
wp		: yes
flags		: fpu vme de pse tsc msr pae mce cx8 apic sep mtrr pge mca cmov pat pse36 clflush mmx fxsr sse sse2 ht syscall nx rdtscp lm constant_tsc rep_good nopl xtopology nonstop_tsc cpuid pni pclmulqdq ssse3 cx16 sse4_1 sse4_2 popcnt aes xsave avx lahf_lm pti retpoline
bugs		: cpu_meltdown spectre_v1 spectre_v2
bogomips	: 6402.19
clflush size	: 64
cache_alignment	: 64
address sizes	: 46 bits physical, 48 bits virtual
power management:

processor	: 7
vendor_id	: GenuineIntel
cpu family	: 6
model		: 45
model name	: Intel(R) Core(TM) i7-3930K CPU @ 3.20GHz
stepping	: 7
microcode	: 0x616
cpu MHz		: 3199.775
cache size	: 12288 KB
physical id	: 0
siblings	: 10
core id		: 7
cpu cores	: 10
apicid		: 7
initial apicid	: 7
fpu		: yes
fpu_exception	: yes
cpuid level	: 13
wp		: yes
flags		: fpu vme de pse tsc msr pae mce cx8 apic sep mtrr pge mca cmov pat pse36 clflush mmx fxsr sse sse2 ht syscall nx rdtscp lm constant_tsc rep_good nopl xtopology nonstop_tsc cpuid pni pclmulqdq ssse3 cx16 sse4_1 sse4_2 popcnt aes xsave avx lahf_lm pti retpoline
bugs		: cpu_meltdown spectre_v1 spectre_v2
bogomips	: 6402.19
clflush size	: 64
cache_alignment	: 64
address sizes	: 46 bits physical, 48 bits virtual
power management:

processor	: 8
vendor_id	: GenuineIntel
cpu family	: 6
model		: 45
model name	: Intel(R) Core(TM) i7-3930K CPU @ 3.20GHz
stepping	: 7
microcode	: 0x616
cpu MHz		: 3199.775
cache size	: 12288 KB
physical id	: 0
siblings	: 10
core id		: 8
cpu cores	: 10
apicid		: 8
initial apicid	: 8
fpu		: yes
fpu_exception	: yes
cpuid level	: 13
wp		: yes
flags		: fpu vme de pse tsc msr pae mce cx8 apic sep mtrr pge mca cmov pat pse36 clflush mmx fxsr sse sse2 ht syscall nx rdtscp lm constant_tsc rep_good nopl xtopology nonstop_tsc cpuid pni pclmulqdq ssse3 cx16 sse4_1 sse4_2 popcnt aes xsave avx lahf_lm pti retpoline
bugs		: cpu_meltdown spectre_v1 spectre_v2
bogomips	: 6402.19
clflush size	: 64
cache_alignment	: 64
address sizes	: 46 bits physical, 48 bits virtual
power management:

processor	: 9
vendor_id	: GenuineIntel
cpu family	: 6
model		: 45
model name	: Intel(R) Core(TM) i7-3930K CPU @ 3.20GHz
stepping	: 7
microcode	: 0x616
cpu MHz		: 3199.775
cache size	: 12288 KB
physical id	: 0
siblings	: 10
core id		: 9
cpu cores	: 10
apicid		: 9
initial apicid	: 9
fpu		: yes
fpu_exception	: yes
cpuid level	: 13
wp		: yes
flags		: fpu vme de pse tsc msr pae mce cx8 apic sep mtrr pge mca cmov pat pse36 clflush mmx fxsr sse sse2 ht syscall nx rdtscp lm constant_tsc rep_good nopl xtopology nonstop_tsc cpuid pni pclmulqdq ssse3 cx16 sse4_1 sse4_2 popcnt aes xsave avx lahf_lm pti retpoline
bugs		: cpu_meltdown spectre_v1 spectre_v2
bogomips	: 6402.19
clflush size	: 64
cache_alignment	: 64
address sizes	: 46 bits physical, 48 bits virtual
power management:



Memory: 4k page, physical 16428692k(1711804k free), swap 0k(0k free)

vm_info: Java HotSpot(TM) 64-Bit Server VM (25.151-b12) for linux-amd64 JRE (1.8.0_151-b12), built on Sep  5 2017 19:20:58 by "java_re" with gcc 4.3.0 20080428 (Red Hat 4.3.0-8)

time: Fri Feb  9 08:27:57 2018
elapsed time: 31 seconds (0d 0h 0m 31s)

